<?xml version="1.0" encoding="UTF-8"?>
<testng-results skipped="0" failed="0" ignored="0" total="1" passed="1">
  <reporter-output>
  </reporter-output>
  <suite name="Default suite" duration-ms="35" started-at="2019-02-05T12:21:37Z" finished-at="2019-02-05T12:21:37Z">
    <groups>
    </groups>
    <test name="Default test" duration-ms="35" started-at="2019-02-05T12:21:37Z" finished-at="2019-02-05T12:21:37Z">
      <class name="com.arvind.Practice.TestNG.TestConsecutiveString">
        <test-method status="PASS" signature="testConsecutiveString()[pri:0, instance:com.arvind.Practice.TestNG.TestConsecutiveString@d2cc05a]" name="testConsecutiveString" duration-ms="10" started-at="2019-02-05T12:21:37Z" finished-at="2019-02-05T12:21:37Z">
          <reporter-output>
          </reporter-output>
        </test-method> <!-- testConsecutiveString -->
      </class> <!-- com.arvind.Practice.TestNG.TestConsecutiveString -->
    </test> <!-- Default test -->
  </suite> <!-- Default suite -->
</testng-results>
